<?xml version="1.0" encoding="UTF-8"?>
<testsuite xmlns:xsi="http://www.w3.org/2001/XMLSchema-instance" xsi:noNamespaceSchemaLocation="https://maven.apache.org/surefire/maven-surefire-plugin/xsd/surefire-test-report-3.0.xsd" version="3.0" name="TestSuite" time="2.872" tests="1" errors="0" skipped="0" failures="1">
  <properties>
[...]
</properties>
  <testcase name="HomePage" classname="demotest.BrowserTest" time="2.323">
    <failure message="session not created: This version of ChromeDriver only supports Chrome version 77&#10;Build info: version: &apos;3.11.0&apos;, revision: &apos;e59cfb3&apos;, time: &apos;2018-03-11T20:26:55.152Z&apos;&#10;System info: host: &apos;LAPTOP-D487ETE2&apos;, ip: &apos;192.168.43.197&apos;, os.name: &apos;Windows 10&apos;, os.arch: &apos;amd64&apos;, os.version: &apos;10.0&apos;, java.version: &apos;1.8.0_221&apos;&#10;Driver info: driver.version: ChromeDriver&#10;remote stacktrace: Backtrace:&#10;	Ordinal0 [0x003BEBD3+1502163]&#10;	Ordinal0 [0x0033F781+980865]&#10;	Ordinal0 [0x002C763F+489023]&#10;	Ordinal0 [0x0025F2F4+62196]&#10;	Ordinal0 [0x0025BCDA+48346]&#10;	Ordinal0 [0x002797E0+169952]&#10;	Ordinal0 [0x0027940D+168973]&#10;	Ordinal0 [0x002778EB+162027]&#10;	Ordinal0 [0x00260AC7+68295]&#10;	Ordinal0 [0x00261B40+72512]&#10;	Ordinal0 [0x00261AD9+72409]&#10;	Ordinal0 [0x00358FE7+1085415]&#10;	GetHandleVerifier [0x0045D8AD+503293]&#10;	GetHandleVerifier [0x0045D640+502672]&#10;	GetHandleVerifier [0x0046471C+531564]&#10;	GetHandleVerifier [0x0045E0BA+505354]&#10;	Ordinal0 [0x003506B6+1050294]&#10;	Ordinal0 [0x0035052F+1049903]&#10;	Ordinal0 [0x0035B04B+1093707]&#10;	Ordinal0 [0x0035B1B3+1094067]&#10;	Ordinal0 [0x0035A145+1089861]&#10;	BaseThreadInitThunk [0x75410419+25]&#10;	RtlGetAppContainerNamedObjectPath [0x7720662D+237]&#10;	RtlGetAppContainerNamedObjectPath [0x772065FD+189]&#10;" type="org.openqa.selenium.SessionNotCreatedException">org.openqa.selenium.SessionNotCreatedException: 
session not created: This version of ChromeDriver only supports Chrome version 77
Build info: version: '3.11.0', revision: 'e59cfb3', time: '2018-03-11T20:26:55.152Z'
System info: host: 'LAPTOP-D487ETE2', ip: '192.168.43.197', os.name: 'Windows 10', os.arch: 'amd64', os.version: '10.0', java.version: '1.8.0_221'
Driver info: driver.version: ChromeDriver
remote stacktrace: Backtrace:
	Ordinal0 [0x003BEBD3+1502163]
	Ordinal0 [0x0033F781+980865]
	Ordinal0 [0x002C763F+489023]
	Ordinal0 [0x0025F2F4+62196]
	Ordinal0 [0x0025BCDA+48346]
	Ordinal0 [0x002797E0+169952]
	Ordinal0 [0x0027940D+168973]
	Ordinal0 [0x002778EB+162027]
	Ordinal0 [0x00260AC7+68295]
	Ordinal0 [0x00261B40+72512]
	Ordinal0 [0x00261AD9+72409]
	Ordinal0 [0x00358FE7+1085415]
	GetHandleVerifier [0x0045D8AD+503293]
	GetHandleVerifier [0x0045D640+502672]
	GetHandleVerifier [0x0046471C+531564]
	GetHandleVerifier [0x0045E0BA+505354]
	Ordinal0 [0x003506B6+1050294]
	Ordinal0 [0x0035052F+1049903]
	Ordinal0 [0x0035B04B+1093707]
	Ordinal0 [0x0035B1B3+1094067]
	Ordinal0 [0x0035A145+1089861]
	BaseThreadInitThunk [0x75410419+25]
	RtlGetAppContainerNamedObjectPath [0x7720662D+237]
	RtlGetAppContainerNamedObjectPath [0x772065FD+189]

	at demotest.BrowserTest.HomePage(BrowserTest.java:23)
</failure>
    <system-out><![CDATA[chrome
]]></system-out>
    <system-err><![CDATA[Starting ChromeDriver 77.0.3865.10 (bc3579f611bbc73331171afe020ec7a45e6ccc55-refs/branch-heads/3865@{#93}) on port 19181
Only local connections are allowed.
Please protect ports used by ChromeDriver and related test frameworks to prevent access by malicious code.
]]></system-err>
  </testcase>
</testsuite>