<?xml version="1.0" encoding="UTF-8"?>
<testng-results skipped="0" failed="1" ignored="0" total="1" passed="0">
  <reporter-output>
  </reporter-output>
  <suite name="Suite" duration-ms="2354" started-at="2019-08-26T14:28:12Z" finished-at="2019-08-26T14:28:15Z">
    <groups>
    </groups>
    <test name="Test" duration-ms="2354" started-at="2019-08-26T14:28:12Z" finished-at="2019-08-26T14:28:15Z">
      <class name="demotest.BrowserTest">
        <test-method status="PASS" signature="initialize()[pri:0, instance:demotest.BrowserTest@3498ed]" name="initialize" is-config="true" duration-ms="11" started-at="2019-08-26T19:58:12Z" finished-at="2019-08-26T19:58:12Z">
          <reporter-output>
          </reporter-output>
        </test-method> <!-- initialize -->
        <test-method status="FAIL" signature="HomePage()[pri:0, instance:demotest.BrowserTest@3498ed]" name="HomePage" duration-ms="2305" started-at="2019-08-26T19:58:12Z" finished-at="2019-08-26T19:58:15Z">
          <exception class="org.openqa.selenium.SessionNotCreatedException">
            <message>
              <![CDATA[session not created: This version of ChromeDriver only supports Chrome version 77
Build info: version: '3.11.0', revision: 'e59cfb3', time: '2018-03-11T20:26:55.152Z'
System info: host: 'LAPTOP-D487ETE2', ip: '192.168.43.197', os.name: 'Windows 10', os.arch: 'amd64', os.version: '10.0', java.version: '1.8.0_221'
Driver info: driver.version: ChromeDriver
remote stacktrace: Backtrace:
	Ordinal0 [0x003BEBD3+1502163]
	Ordinal0 [0x0033F781+980865]
	Ordinal0 [0x002C763F+489023]
	Ordinal0 [0x0025F2F4+62196]
	Ordinal0 [0x0025BCDA+48346]
	Ordinal0 [0x002797E0+169952]
	Ordinal0 [0x0027940D+168973]
	Ordinal0 [0x002778EB+162027]
	Ordinal0 [0x00260AC7+68295]
	Ordinal0 [0x00261B40+72512]
	Ordinal0 [0x00261AD9+72409]
	Ordinal0 [0x00358FE7+1085415]
	GetHandleVerifier [0x0045D8AD+503293]
	GetHandleVerifier [0x0045D640+502672]
	GetHandleVerifier [0x0046471C+531564]
	GetHandleVerifier [0x0045E0BA+505354]
	Ordinal0 [0x003506B6+1050294]
	Ordinal0 [0x0035052F+1049903]
	Ordinal0 [0x0035B04B+1093707]
	Ordinal0 [0x0035B1B3+1094067]
	Ordinal0 [0x0035A145+1089861]
	BaseThreadInitThunk [0x75410419+25]
	RtlGetAppContainerNamedObjectPath [0x7720662D+237]
	RtlGetAppContainerNamedObjectPath [0x772065FD+189]
]]>
            </message>
            <full-stacktrace>
              <![CDATA[org.openqa.selenium.SessionNotCreatedException: session not created: This version of ChromeDriver only supports Chrome version 77
Build info: version: '3.11.0', revision: 'e59cfb3', time: '2018-03-11T20:26:55.152Z'
System info: host: 'LAPTOP-D487ETE2', ip: '192.168.43.197', os.name: 'Windows 10', os.arch: 'amd64', os.version: '10.0', java.version: '1.8.0_221'
Driver info: driver.version: ChromeDriver
remote stacktrace: Backtrace:
	Ordinal0 [0x003BEBD3+1502163]
	Ordinal0 [0x0033F781+980865]
	Ordinal0 [0x002C763F+489023]
	Ordinal0 [0x0025F2F4+62196]
	Ordinal0 [0x0025BCDA+48346]
	Ordinal0 [0x002797E0+169952]
	Ordinal0 [0x0027940D+168973]
	Ordinal0 [0x002778EB+162027]
	Ordinal0 [0x00260AC7+68295]
	Ordinal0 [0x00261B40+72512]
	Ordinal0 [0x00261AD9+72409]
	Ordinal0 [0x00358FE7+1085415]
	GetHandleVerifier [0x0045D8AD+503293]
	GetHandleVerifier [0x0045D640+502672]
	GetHandleVerifier [0x0046471C+531564]
	GetHandleVerifier [0x0045E0BA+505354]
	Ordinal0 [0x003506B6+1050294]
	Ordinal0 [0x0035052F+1049903]
	Ordinal0 [0x0035B04B+1093707]
	Ordinal0 [0x0035B1B3+1094067]
	Ordinal0 [0x0035A145+1089861]
	BaseThreadInitThunk [0x75410419+25]
	RtlGetAppContainerNamedObjectPath [0x7720662D+237]
	RtlGetAppContainerNamedObjectPath [0x772065FD+189]

	at sun.reflect.NativeConstructorAccessorImpl.newInstance0(Native Method)
	at sun.reflect.NativeConstructorAccessorImpl.newInstance(NativeConstructorAccessorImpl.java:62)
	at sun.reflect.DelegatingConstructorAccessorImpl.newInstance(DelegatingConstructorAccessorImpl.java:45)
	at java.lang.reflect.Constructor.newInstance(Constructor.java:423)
	at org.openqa.selenium.remote.W3CHandshakeResponse.lambda$new$0(W3CHandshakeResponse.java:57)
	at org.openqa.selenium.remote.W3CHandshakeResponse.lambda$getResponseFunction$2(W3CHandshakeResponse.java:104)
	at org.openqa.selenium.remote.ProtocolHandshake.lambda$createSession$0(ProtocolHandshake.java:123)
	at java.util.stream.ReferencePipeline$3$1.accept(ReferencePipeline.java:193)
	at java.util.Spliterators$ArraySpliterator.tryAdvance(Spliterators.java:958)
	at java.util.stream.ReferencePipeline.forEachWithCancel(ReferencePipeline.java:126)
	at java.util.stream.AbstractPipeline.copyIntoWithCancel(AbstractPipeline.java:499)
	at java.util.stream.AbstractPipeline.copyInto(AbstractPipeline.java:486)
	at java.util.stream.AbstractPipeline.wrapAndCopyInto(AbstractPipeline.java:472)
	at java.util.stream.FindOps$FindOp.evaluateSequential(FindOps.java:152)
	at java.util.stream.AbstractPipeline.evaluate(AbstractPipeline.java:234)
	at java.util.stream.ReferencePipeline.findFirst(ReferencePipeline.java:464)
	at org.openqa.selenium.remote.ProtocolHandshake.createSession(ProtocolHandshake.java:126)
	at org.openqa.selenium.remote.ProtocolHandshake.createSession(ProtocolHandshake.java:73)
	at org.openqa.selenium.remote.HttpCommandExecutor.execute(HttpCommandExecutor.java:136)
	at org.openqa.selenium.remote.service.DriverCommandExecutor.execute(DriverCommandExecutor.java:83)
	at org.openqa.selenium.remote.RemoteWebDriver.execute(RemoteWebDriver.java:545)
	at org.openqa.selenium.remote.RemoteWebDriver.startSession(RemoteWebDriver.java:209)
	at org.openqa.selenium.remote.RemoteWebDriver.<init>(RemoteWebDriver.java:132)
	at org.openqa.selenium.chrome.ChromeDriver.<init>(ChromeDriver.java:181)
	at org.openqa.selenium.chrome.ChromeDriver.<init>(ChromeDriver.java:168)
	at org.openqa.selenium.chrome.ChromeDriver.<init>(ChromeDriver.java:123)
	at resources.BaseClass.browserSelect(BaseClass.java:31)
	at demotest.BrowserTest.HomePage(BrowserTest.java:23)
	at sun.reflect.NativeMethodAccessorImpl.invoke0(Native Method)
	at sun.reflect.NativeMethodAccessorImpl.invoke(NativeMethodAccessorImpl.java:62)
	at sun.reflect.DelegatingMethodAccessorImpl.invoke(DelegatingMethodAccessorImpl.java:43)
	at java.lang.reflect.Method.invoke(Method.java:498)
	at org.testng.internal.MethodInvocationHelper.invokeMethod(MethodInvocationHelper.java:108)
	at org.testng.internal.Invoker.invokeMethod(Invoker.java:661)
	at org.testng.internal.Invoker.invokeTestMethod(Invoker.java:869)
	at org.testng.internal.Invoker.invokeTestMethods(Invoker.java:1193)
	at org.testng.internal.TestMethodWorker.invokeTestMethods(TestMethodWorker.java:126)
	at org.testng.internal.TestMethodWorker.run(TestMethodWorker.java:109)
	at org.testng.TestRunner.privateRun(TestRunner.java:744)
	at org.testng.TestRunner.run(TestRunner.java:602)
	at org.testng.SuiteRunner.runTest(SuiteRunner.java:380)
	at org.testng.SuiteRunner.runSequentially(SuiteRunner.java:375)
	at org.testng.SuiteRunner.privateRun(SuiteRunner.java:340)
	at org.testng.SuiteRunner.run(SuiteRunner.java:289)
	at org.testng.SuiteRunnerWorker.runSuite(SuiteRunnerWorker.java:52)
	at org.testng.SuiteRunnerWorker.run(SuiteRunnerWorker.java:86)
	at org.testng.TestNG.runSuitesSequentially(TestNG.java:1301)
	at org.testng.TestNG.runSuitesLocally(TestNG.java:1226)
	at org.testng.TestNG.runSuites(TestNG.java:1144)
	at org.testng.TestNG.run(TestNG.java:1115)
	at org.apache.maven.surefire.testng.TestNGExecutor.run(TestNGExecutor.java:283)
	at org.apache.maven.surefire.testng.TestNGXmlTestSuite.execute(TestNGXmlTestSuite.java:75)
	at org.apache.maven.surefire.testng.TestNGProvider.invoke(TestNGProvider.java:120)
	at org.apache.maven.surefire.booter.ForkedBooter.invokeProviderInSameClassLoader(ForkedBooter.java:384)
	at org.apache.maven.surefire.booter.ForkedBooter.runSuitesInProcess(ForkedBooter.java:345)
	at org.apache.maven.surefire.booter.ForkedBooter.execute(ForkedBooter.java:126)
	at org.apache.maven.surefire.booter.ForkedBooter.main(ForkedBooter.java:418)
]]>
            </full-stacktrace>
          </exception> <!-- org.openqa.selenium.SessionNotCreatedException -->
          <reporter-output>
          </reporter-output>
        </test-method> <!-- HomePage -->
      </class> <!-- demotest.BrowserTest -->
    </test> <!-- Test -->
  </suite> <!-- Suite -->
</testng-results>
