<?xml version="1.0" encoding="UTF-8"?>
<testng-results skipped="0" failed="0" ignored="0" total="1" passed="1">
  <reporter-output>
  </reporter-output>
  <suite name="Suite" duration-ms="14271" started-at="2019-09-04T08:56:23Z" finished-at="2019-09-04T08:56:37Z">
    <groups>
    </groups>
    <test name="Test" duration-ms="14271" started-at="2019-09-04T08:56:23Z" finished-at="2019-09-04T08:56:37Z">
      <class name="demotest.AssertTest">
        <test-method status="PASS" signature="checkAssert()[pri:0, instance:demotest.AssertTest@5419f379]" name="checkAssert" duration-ms="14225" started-at="2019-09-04T14:26:23Z" finished-at="2019-09-04T14:26:37Z">
          <reporter-output>
          </reporter-output>
        </test-method> <!-- checkAssert -->
      </class> <!-- demotest.AssertTest -->
    </test> <!-- Test -->
  </suite> <!-- Suite -->
</testng-results>
